::1 - - [19/Dec/2025 02:50:48] "GET /?id=e2ab165d-a2c1-48fa-a353-a314b97a2b2c&vscodeBrowserReqId=1766094648752 HTTP/1.1" 200 -
::1 - - [19/Dec/2025 02:50:49] "GET /css/style.css HTTP/1.1" 200 -
::1 - - [19/Dec/2025 02:50:49] "GET /js/xeokit-loader.js HTTP/1.1" 200 -
::1 - - [19/Dec/2025 02:50:49] "GET /js/ui.js HTTP/1.1" 200 -
::1 - - [19/Dec/2025 02:50:49] "GET /js/api.js HTTP/1.1" 200 -
::1 - - [19/Dec/2025 02:50:49] "GET /js/estimate.js HTTP/1.1" 200 -
::1 - - [19/Dec/2025 02:50:49] "GET /js/import.js HTTP/1.1" 200 -
::1 - - [19/Dec/2025 02:50:49] "GET /js/settings.js HTTP/1.1" 200 -
::1 - - [19/Dec/2025 02:50:49] "GET /js/app.js HTTP/1.1" 200 -
::1 - - [19/Dec/2025 02:50:49] "GET /js/ifcViewer.js HTTP/1.1" 200 -
::1 - - [19/Dec/2025 02:50:49] "GET /?id=e2ab165d-a2c1-48fa-a353-a314b97a2b2c&vscodeBrowserReqId=1766094649810 HTTP/1.1" 200 -
::1 - - [19/Dec/2025 02:50:50] "GET /js/xeokit-bundle.js HTTP/1.1" 200 -
::1 - - [19/Dec/2025 03:42:17] "GET / HTTP/1.1" 200 -
::1 - - [19/Dec/2025 03:42:17] "GET /css/style.css HTTP/1.1" 200 -
::1 - - [19/Dec/2025 03:42:17] "GET /js/xeokit-loader.js HTTP/1.1" 200 -
::1 - - [19/Dec/2025 03:42:17] "GET /js/api.js HTTP/1.1" 200 -
::1 - - [19/Dec/2025 03:42:17] "GET /js/ui.js HTTP/1.1" 200 -
::1 - - [19/Dec/2025 03:42:17] "GET /js/ifcViewer.js HTTP/1.1" 200 -
::1 - - [19/Dec/2025 03:42:17] "GET /js/import.js HTTP/1.1" 200 -
::1 - - [19/Dec/2025 03:42:17] "GET /js/estimate.js HTTP/1.1" 200 -
::1 - - [19/Dec/2025 03:42:17] "GET /js/settings.js HTTP/1.1" 200 -
::1 - - [19/Dec/2025 03:42:17] "GET /js/app.js HTTP/1.1" 200 -
::1 - - [19/Dec/2025 03:42:18] "GET /js/xeokit-bundle.js HTTP/1.1" 200 -
::1 - - [19/Dec/2025 03:51:59] "GET / HTTP/1.1" 304 -
::1 - - [19/Dec/2025 03:51:59] "GET /js/ifcViewer.js HTTP/1.1" 304 -
::1 - - [19/Dec/2025 03:52:30] "GET / HTTP/1.1" 200 -
::1 - - [19/Dec/2025 03:52:30] "GET /css/style.css HTTP/1.1" 200 -
::1 - - [19/Dec/2025 03:52:30] "GET /js/xeokit-loader.js HTTP/1.1" 200 -
::1 - - [19/Dec/2025 03:52:30] "GET /js/api.js HTTP/1.1" 200 -
::1 - - [19/Dec/2025 03:52:30] "GET /js/ifcViewer.js HTTP/1.1" 200 -
::1 - - [19/Dec/2025 03:52:30] "GET /js/import.js HTTP/1.1" 200 -
::1 - - [19/Dec/2025 03:52:30] "GET /js/settings.js HTTP/1.1" 200 -
::1 - - [19/Dec/2025 03:52:30] "GET /js/app.js HTTP/1.1" 200 -
::1 - - [19/Dec/2025 03:52:30] "GET /js/ui.js HTTP/1.1" 200 -
::1 - - [19/Dec/2025 03:52:31] "GET /js/estimate.js HTTP/1.1" 200 -
::1 - - [19/Dec/2025 03:52:31] "GET /js/xeokit-bundle.js HTTP/1.1" 200 -
::1 - - [19/Dec/2025 03:52:31] code 404, message File not found
::1 - - [19/Dec/2025 03:52:31] "GET /favicon.ico HTTP/1.1" 404 -
::1 - - [19/Dec/2025 03:57:38] "GET / HTTP/1.1" 304 -
::1 - - [19/Dec/2025 03:57:38] "GET /js/ui.js HTTP/1.1" 304 -
::1 - - [19/Dec/2025 03:57:38] "GET /js/ifcViewer.js HTTP/1.1" 304 -
::1 - - [19/Dec/2025 03:57:38] "GET /js/estimate.js HTTP/1.1" 200 -
::1 - - [19/Dec/2025 03:58:37] "GET / HTTP/1.1" 304 -
::1 - - [19/Dec/2025 03:58:37] "GET /js/ui.js HTTP/1.1" 304 -
::1 - - [19/Dec/2025 03:58:37] "GET /js/estimate.js HTTP/1.1" 304 -
::1 - - [19/Dec/2025 04:07:02] "GET / HTTP/1.1" 304 -
::1 - - [19/Dec/2025 04:07:02] "GET /js/ui.js HTTP/1.1" 304 -
::1 - - [19/Dec/2025 04:07:02] "GET /js/ifcViewer.js HTTP/1.1" 304 -
::1 - - [19/Dec/2025 04:07:02] "GET /js/estimate.js HTTP/1.1" 304 -
::1 - - [19/Dec/2025 04:07:48] "GET / HTTP/1.1" 304 -
::1 - - [19/Dec/2025 04:17:47] "GET / HTTP/1.1" 200 -
::1 - - [19/Dec/2025 04:17:47] "GET /css/style.css HTTP/1.1" 304 -
::1 - - [19/Dec/2025 04:17:48] "GET /js/api.js HTTP/1.1" 200 -
::1 - - [19/Dec/2025 04:17:48] "GET /js/ui.js HTTP/1.1" 304 -
::1 - - [19/Dec/2025 04:17:48] "GET /js/ifcViewer.js HTTP/1.1" 304 -
::1 - - [19/Dec/2025 04:17:48] "GET /js/estimate.js HTTP/1.1" 304 -
::1 - - [19/Dec/2025 04:18:36] "GET / HTTP/1.1" 304 -
::1 - - [19/Dec/2025 04:19:27] "GET / HTTP/1.1" 200 -
::1 - - [19/Dec/2025 04:19:27] "GET /css/style.css HTTP/1.1" 200 -
::1 - - [19/Dec/2025 04:19:27] "GET /js/xeokit-loader.js HTTP/1.1" 200 -
::1 - - [19/Dec/2025 04:19:27] "GET /js/api.js HTTP/1.1" 200 -
::1 - - [19/Dec/2025 04:19:27] "GET /js/ui.js HTTP/1.1" 200 -
::1 - - [19/Dec/2025 04:19:27] "GET /js/ifcViewer.js HTTP/1.1" 200 -
::1 - - [19/Dec/2025 04:19:27] "GET /js/import.js HTTP/1.1" 200 -
::1 - - [19/Dec/2025 04:19:27] "GET /js/estimate.js HTTP/1.1" 200 -
::1 - - [19/Dec/2025 04:19:27] "GET /js/settings.js HTTP/1.1" 200 -
::1 - - [19/Dec/2025 04:19:27] "GET /js/app.js HTTP/1.1" 200 -
::1 - - [19/Dec/2025 04:19:31] "GET /js/xeokit-bundle.js HTTP/1.1" 200 -
::1 - - [19/Dec/2025 04:19:31] code 404, message File not found
::1 - - [19/Dec/2025 04:19:31] "GET /favicon.ico HTTP/1.1" 404 -
::1 - - [19/Dec/2025 04:19:55] "GET / HTTP/1.1" 200 -
::1 - - [19/Dec/2025 04:19:55] "GET /css/style.css HTTP/1.1" 200 -
::1 - - [19/Dec/2025 04:19:55] "GET /js/xeokit-loader.js HTTP/1.1" 200 -
::1 - - [19/Dec/2025 04:19:55] "GET /js/api.js HTTP/1.1" 200 -
::1 - - [19/Dec/2025 04:19:55] "GET /js/ui.js HTTP/1.1" 200 -
::1 - - [19/Dec/2025 04:19:55] "GET /js/ifcViewer.js HTTP/1.1" 200 -
::1 - - [19/Dec/2025 04:19:55] "GET /js/import.js HTTP/1.1" 200 -
::1 - - [19/Dec/2025 04:19:55] "GET /js/estimate.js HTTP/1.1" 200 -
::1 - - [19/Dec/2025 04:19:55] "GET /js/settings.js HTTP/1.1" 200 -
::1 - - [19/Dec/2025 04:19:55] "GET /js/app.js HTTP/1.1" 200 -
::1 - - [19/Dec/2025 04:19:59] "GET /js/xeokit-bundle.js HTTP/1.1" 200 -
::1 - - [19/Dec/2025 04:19:59] code 404, message File not found
::1 - - [19/Dec/2025 04:19:59] "GET /favicon.ico HTTP/1.1" 404 -
::1 - - [19/Dec/2025 04:25:39] "GET / HTTP/1.1" 200 -
::1 - - [19/Dec/2025 04:25:39] "GET /css/style.css HTTP/1.1" 200 -
::1 - - [19/Dec/2025 04:25:39] "GET /js/xeokit-loader.js HTTP/1.1" 200 -
::1 - - [19/Dec/2025 04:25:39] "GET /js/api.js HTTP/1.1" 200 -
::1 - - [19/Dec/2025 04:25:39] "GET /js/ui.js HTTP/1.1" 200 -
::1 - - [19/Dec/2025 04:25:39] "GET /js/ifcViewer.js HTTP/1.1" 200 -
::1 - - [19/Dec/2025 04:25:39] "GET /js/import.js HTTP/1.1" 200 -
::1 - - [19/Dec/2025 04:25:39] "GET /js/schedule.js HTTP/1.1" 200 -
::1 - - [19/Dec/2025 04:25:39] "GET /js/estimate.js HTTP/1.1" 200 -
::1 - - [19/Dec/2025 04:25:39] "GET /js/settings.js HTTP/1.1" 200 -
::1 - - [19/Dec/2025 04:25:39] "GET /js/app.js HTTP/1.1" 200 -
::1 - - [19/Dec/2025 04:25:40] "GET /js/xeokit-bundle.js HTTP/1.1" 200 -
::1 - - [19/Dec/2025 04:25:40] code 404, message File not found
::1 - - [19/Dec/2025 04:25:40] "GET /favicon.ico HTTP/1.1" 404 -
::1 - - [19/Dec/2025 04:30:22] "GET / HTTP/1.1" 200 -
::1 - - [19/Dec/2025 04:30:22] "GET /js/api.js HTTP/1.1" 304 -
::1 - - [19/Dec/2025 04:30:22] "GET /js/ui.js HTTP/1.1" 304 -
::1 - - [19/Dec/2025 04:30:22] "GET /js/estimate.js HTTP/1.1" 304 -
::1 - - [19/Dec/2025 04:30:22] "GET /js/schedule.js HTTP/1.1" 200 -
::1 - - [19/Dec/2025 04:30:22] "GET /js/app.js HTTP/1.1" 200 -
::1 - - [19/Dec/2025 04:31:08] code 404, message File not found
::1 - - [19/Dec/2025 04:31:08] "GET /.well-known/appspecific/com.chrome.devtools.json HTTP/1.1" 404 -
::1 - - [19/Dec/2025 04:33:50] "GET / HTTP/1.1" 200 -
::1 - - [19/Dec/2025 04:33:50] "GET /css/style.css HTTP/1.1" 200 -
::1 - - [19/Dec/2025 04:33:50] "GET /js/xeokit-loader.js HTTP/1.1" 200 -
::1 - - [19/Dec/2025 04:33:50] code 404, message File not found
::1 - - [19/Dec/2025 04:33:50] "GET /.well-known/appspecific/com.chrome.devtools.json HTTP/1.1" 404 -
::1 - - [19/Dec/2025 04:33:50] "GET /js/api.js HTTP/1.1" 200 -
::1 - - [19/Dec/2025 04:33:50] "GET /js/import.js HTTP/1.1" 200 -
::1 - - [19/Dec/2025 04:33:50] "GET /js/ifcViewer.js HTTP/1.1" 200 -
::1 - - [19/Dec/2025 04:33:50] "GET /js/schedule.js HTTP/1.1" 200 -
::1 - - [19/Dec/2025 04:33:50] "GET /js/estimate.js HTTP/1.1" 200 -
::1 - - [19/Dec/2025 04:33:50] "GET /js/settings.js HTTP/1.1" 200 -
::1 - - [19/Dec/2025 04:33:50] "GET /js/app.js HTTP/1.1" 200 -
::1 - - [19/Dec/2025 04:33:50] "GET /js/ui.js HTTP/1.1" 200 -
::1 - - [19/Dec/2025 04:33:51] "GET /js/xeokit-bundle.js HTTP/1.1" 200 -
::1 - - [19/Dec/2025 04:33:51] code 404, message File not found
::1 - - [19/Dec/2025 04:33:51] "GET /favicon.ico HTTP/1.1" 404 -
::1 - - [19/Dec/2025 04:36:42] "GET / HTTP/1.1" 200 -
::1 - - [19/Dec/2025 04:36:43] code 404, message File not found
::1 - - [19/Dec/2025 04:36:43] "GET /.well-known/appspecific/com.chrome.devtools.json HTTP/1.1" 404 -
::1 - - [19/Dec/2025 04:36:43] "GET /css/style.css HTTP/1.1" 200 -
::1 - - [19/Dec/2025 04:36:43] "GET /js/xeokit-loader.js HTTP/1.1" 200 -
::1 - - [19/Dec/2025 04:36:43] "GET /js/api.js HTTP/1.1" 200 -
::1 - - [19/Dec/2025 04:36:43] "GET /js/ui.js HTTP/1.1" 200 -
::1 - - [19/Dec/2025 04:36:43] "GET /js/ifcViewer.js HTTP/1.1" 200 -
::1 - - [19/Dec/2025 04:36:43] "GET /js/import.js HTTP/1.1" 200 -
::1 - - [19/Dec/2025 04:36:43] "GET /js/schedule.js HTTP/1.1" 200 -
::1 - - [19/Dec/2025 04:36:43] "GET /js/estimate.js HTTP/1.1" 200 -
::1 - - [19/Dec/2025 04:36:43] "GET /js/settings.js HTTP/1.1" 200 -
::1 - - [19/Dec/2025 04:36:43] "GET /js/app.js HTTP/1.1" 200 -
::1 - - [19/Dec/2025 04:36:45] "GET /js/xeokit-bundle.js HTTP/1.1" 200 -
::1 - - [19/Dec/2025 04:40:58] "GET / HTTP/1.1" 200 -
::1 - - [19/Dec/2025 04:40:58] "GET /css/style.css HTTP/1.1" 200 -
::1 - - [19/Dec/2025 04:40:58] "GET /js/xeokit-loader.js HTTP/1.1" 200 -
::1 - - [19/Dec/2025 04:41:00] "GET /js/ui.js HTTP/1.1" 200 -
::1 - - [19/Dec/2025 04:41:00] "GET /js/ifcViewer.js HTTP/1.1" 200 -
::1 - - [19/Dec/2025 04:41:00] "GET /js/import.js HTTP/1.1" 200 -
::1 - - [19/Dec/2025 04:41:00] "GET /js/estimate.js HTTP/1.1" 200 -
::1 - - [19/Dec/2025 04:41:00] "GET /js/schedule.js HTTP/1.1" 200 -
::1 - - [19/Dec/2025 04:41:00] "GET /js/settings.js HTTP/1.1" 200 -
::1 - - [19/Dec/2025 04:41:00] "GET /js/app.js HTTP/1.1" 200 -
::1 - - [19/Dec/2025 04:41:00] "GET /js/api.js HTTP/1.1" 200 -
::1 - - [19/Dec/2025 04:41:00] "GET /js/xeokit-bundle.js HTTP/1.1" 200 -
::1 - - [19/Dec/2025 04:41:00] code 404, message File not found
::1 - - [19/Dec/2025 04:41:00] "GET /favicon.ico HTTP/1.1" 404 -
::1 - - [19/Dec/2025 04:46:32] "GET / HTTP/1.1" 304 -
::1 - - [19/Dec/2025 04:46:32] "GET /js/api.js HTTP/1.1" 304 -
::1 - - [19/Dec/2025 04:46:32] "GET /js/ui.js HTTP/1.1" 304 -
::1 - - [19/Dec/2025 04:46:32] "GET /js/schedule.js HTTP/1.1" 304 -
::1 - - [19/Dec/2025 04:46:32] "GET /js/estimate.js HTTP/1.1" 304 -
::1 - - [19/Dec/2025 04:46:32] "GET /js/app.js HTTP/1.1" 304 -
::1 - - [19/Dec/2025 04:46:49] "GET / HTTP/1.1" 200 -
::1 - - [19/Dec/2025 04:46:49] "GET /css/style.css HTTP/1.1" 200 -
::1 - - [19/Dec/2025 04:46:49] "GET /js/xeokit-loader.js HTTP/1.1" 200 -
::1 - - [19/Dec/2025 04:46:49] "GET /js/api.js HTTP/1.1" 200 -
::1 - - [19/Dec/2025 04:46:49] "GET /js/ui.js HTTP/1.1" 200 -
::1 - - [19/Dec/2025 04:46:49] "GET /js/ifcViewer.js HTTP/1.1" 200 -
::1 - - [19/Dec/2025 04:46:49] "GET /js/import.js HTTP/1.1" 200 -
::1 - - [19/Dec/2025 04:46:49] "GET /js/schedule.js HTTP/1.1" 200 -
::1 - - [19/Dec/2025 04:46:49] "GET /js/settings.js HTTP/1.1" 200 -
::1 - - [19/Dec/2025 04:46:49] "GET /js/estimate.js HTTP/1.1" 200 -
::1 - - [19/Dec/2025 04:46:49] "GET /js/app.js HTTP/1.1" 200 -
::1 - - [19/Dec/2025 04:46:49] "GET /js/xeokit-bundle.js HTTP/1.1" 200 -
::1 - - [19/Dec/2025 04:46:50] code 404, message File not found
::1 - - [19/Dec/2025 04:46:50] "GET /favicon.ico HTTP/1.1" 404 -
::1 - - [19/Dec/2025 04:47:08] "GET / HTTP/1.1" 200 -
::1 - - [19/Dec/2025 04:47:08] "GET /css/style.css HTTP/1.1" 200 -
::1 - - [19/Dec/2025 04:47:08] "GET /js/xeokit-loader.js HTTP/1.1" 200 -
::1 - - [19/Dec/2025 04:47:08] "GET /js/api.js HTTP/1.1" 200 -
::1 - - [19/Dec/2025 04:47:08] "GET /js/ui.js HTTP/1.1" 200 -
::1 - - [19/Dec/2025 04:47:08] "GET /js/ifcViewer.js HTTP/1.1" 200 -
::1 - - [19/Dec/2025 04:47:08] "GET /js/import.js HTTP/1.1" 200 -
::1 - - [19/Dec/2025 04:47:08] "GET /js/schedule.js HTTP/1.1" 200 -
::1 - - [19/Dec/2025 04:47:08] "GET /js/estimate.js HTTP/1.1" 200 -
::1 - - [19/Dec/2025 04:47:08] "GET /js/settings.js HTTP/1.1" 200 -
::1 - - [19/Dec/2025 04:47:08] "GET /js/app.js HTTP/1.1" 200 -
::1 - - [19/Dec/2025 04:47:08] "GET /js/xeokit-bundle.js HTTP/1.1" 200 -
::1 - - [19/Dec/2025 04:47:08] code 404, message File not found
::1 - - [19/Dec/2025 04:47:08] "GET /favicon.ico HTTP/1.1" 404 -
::1 - - [19/Dec/2025 04:53:09] "GET / HTTP/1.1" 200 -
::1 - - [19/Dec/2025 04:53:09] "GET /css/style.css HTTP/1.1" 200 -
::1 - - [19/Dec/2025 04:53:09] "GET /js/xeokit-loader.js HTTP/1.1" 200 -
::1 - - [19/Dec/2025 04:53:10] "GET /js/api.js HTTP/1.1" 200 -
::1 - - [19/Dec/2025 04:53:10] "GET /js/ui.js HTTP/1.1" 200 -
::1 - - [19/Dec/2025 04:53:10] "GET /js/ifcViewer.js HTTP/1.1" 200 -
::1 - - [19/Dec/2025 04:53:10] "GET /js/import.js HTTP/1.1" 200 -
::1 - - [19/Dec/2025 04:53:10] "GET /js/schedule.js HTTP/1.1" 200 -
::1 - - [19/Dec/2025 04:53:10] "GET /js/estimate.js HTTP/1.1" 200 -
::1 - - [19/Dec/2025 04:53:10] "GET /js/settings.js HTTP/1.1" 200 -
::1 - - [19/Dec/2025 04:53:10] "GET /js/app.js HTTP/1.1" 200 -
::1 - - [19/Dec/2025 04:53:10] "GET /js/xeokit-bundle.js HTTP/1.1" 200 -
::1 - - [19/Dec/2025 04:53:11] code 404, message File not found
::1 - - [19/Dec/2025 04:53:11] "GET /favicon.ico HTTP/1.1" 404 -
::1 - - [19/Dec/2025 04:56:40] "GET / HTTP/1.1" 304 -
::1 - - [19/Dec/2025 04:56:40] "GET /js/api.js HTTP/1.1" 304 -
::1 - - [19/Dec/2025 04:56:40] "GET /js/ui.js HTTP/1.1" 304 -
::1 - - [19/Dec/2025 04:56:40] "GET /js/app.js HTTP/1.1" 304 -
::1 - - [19/Dec/2025 04:56:40] "GET /js/schedule.js HTTP/1.1" 200 -
::1 - - [19/Dec/2025 05:00:29] "GET / HTTP/1.1" 200 -
::1 - - [19/Dec/2025 05:00:29] "GET /css/style.css HTTP/1.1" 200 -
::1 - - [19/Dec/2025 05:00:29] "GET /js/xeokit-loader.js HTTP/1.1" 200 -
::1 - - [19/Dec/2025 05:00:30] "GET /js/api.js HTTP/1.1" 200 -
::1 - - [19/Dec/2025 05:00:30] "GET /js/ui.js HTTP/1.1" 200 -
::1 - - [19/Dec/2025 05:00:30] "GET /js/ifcViewer.js HTTP/1.1" 200 -
::1 - - [19/Dec/2025 05:00:30] "GET /js/import.js HTTP/1.1" 200 -
::1 - - [19/Dec/2025 05:00:30] "GET /js/schedule.js HTTP/1.1" 200 -
::1 - - [19/Dec/2025 05:00:30] "GET /js/estimate.js HTTP/1.1" 200 -
::1 - - [19/Dec/2025 05:00:30] "GET /js/settings.js HTTP/1.1" 200 -
::1 - - [19/Dec/2025 05:00:30] "GET /js/app.js HTTP/1.1" 200 -
::1 - - [19/Dec/2025 05:00:30] "GET /js/xeokit-bundle.js HTTP/1.1" 200 -
::1 - - [19/Dec/2025 05:00:30] code 404, message File not found
::1 - - [19/Dec/2025 05:00:30] "GET /favicon.ico HTTP/1.1" 404 -
::1 - - [19/Dec/2025 05:38:54] "GET / HTTP/1.1" 304 -
::1 - - [19/Dec/2025 05:38:54] "GET /css/style.css HTTP/1.1" 304 -
::1 - - [19/Dec/2025 05:38:54] "GET /js/ui.js HTTP/1.1" 200 -
::1 - - [19/Dec/2025 05:38:54] "GET /js/ifcViewer.js HTTP/1.1" 304 -
::1 - - [19/Dec/2025 05:38:54] "GET /js/schedule.js HTTP/1.1" 200 -
::1 - - [19/Dec/2025 05:38:54] "GET /js/estimate.js HTTP/1.1" 304 -
::1 - - [19/Dec/2025 05:38:54] "GET /js/app.js HTTP/1.1" 304 -
::1 - - [19/Dec/2025 05:38:54] "GET /js/api.js HTTP/1.1" 200 -
::1 - - [19/Dec/2025 05:39:15] "GET / HTTP/1.1" 200 -
::1 - - [19/Dec/2025 05:39:15] "GET /css/style.css HTTP/1.1" 200 -
::1 - - [19/Dec/2025 05:39:15] "GET /js/xeokit-loader.js HTTP/1.1" 200 -
::1 - - [19/Dec/2025 05:39:16] "GET /js/api.js HTTP/1.1" 200 -
::1 - - [19/Dec/2025 05:39:16] "GET /js/ui.js HTTP/1.1" 200 -
::1 - - [19/Dec/2025 05:39:16] "GET /js/ifcViewer.js HTTP/1.1" 200 -
::1 - - [19/Dec/2025 05:39:16] "GET /js/import.js HTTP/1.1" 200 -
::1 - - [19/Dec/2025 05:39:16] "GET /js/schedule.js HTTP/1.1" 200 -
::1 - - [19/Dec/2025 05:39:16] "GET /js/estimate.js HTTP/1.1" 200 -
::1 - - [19/Dec/2025 05:39:16] "GET /js/settings.js HTTP/1.1" 200 -
::1 - - [19/Dec/2025 05:39:16] "GET /js/app.js HTTP/1.1" 200 -
::1 - - [19/Dec/2025 05:39:16] "GET /js/xeokit-bundle.js HTTP/1.1" 200 -
::1 - - [19/Dec/2025 05:39:16] code 404, message File not found
::1 - - [19/Dec/2025 05:39:16] "GET /favicon.ico HTTP/1.1" 404 -
::1 - - [19/Dec/2025 05:41:44] "GET / HTTP/1.1" 200 -
::1 - - [19/Dec/2025 05:41:44] "GET /css/style.css HTTP/1.1" 200 -
::1 - - [19/Dec/2025 05:41:44] "GET /js/xeokit-loader.js HTTP/1.1" 200 -
::1 - - [19/Dec/2025 05:41:44] "GET /js/api.js HTTP/1.1" 200 -
::1 - - [19/Dec/2025 05:41:44] "GET /js/ifcViewer.js HTTP/1.1" 200 -
::1 - - [19/Dec/2025 05:41:44] "GET /js/ui.js HTTP/1.1" 200 -
::1 - - [19/Dec/2025 05:41:44] "GET /js/import.js HTTP/1.1" 200 -
::1 - - [19/Dec/2025 05:41:44] "GET /js/schedule.js HTTP/1.1" 200 -
::1 - - [19/Dec/2025 05:41:44] "GET /js/settings.js HTTP/1.1" 200 -
::1 - - [19/Dec/2025 05:41:44] "GET /js/app.js HTTP/1.1" 200 -
::1 - - [19/Dec/2025 05:41:44] "GET /js/estimate.js HTTP/1.1" 200 -
::1 - - [19/Dec/2025 05:41:45] "GET /js/xeokit-bundle.js HTTP/1.1" 200 -
::1 - - [19/Dec/2025 05:41:45] code 404, message File not found
::1 - - [19/Dec/2025 05:41:45] "GET /favicon.ico HTTP/1.1" 404 -
::1 - - [19/Dec/2025 05:42:10] "GET / HTTP/1.1" 304 -
::1 - - [19/Dec/2025 05:42:10] "GET /js/estimate.js HTTP/1.1" 304 -
::1 - - [19/Dec/2025 05:43:45] "GET / HTTP/1.1" 200 -
::1 - - [19/Dec/2025 05:43:45] "GET /css/style.css HTTP/1.1" 200 -
::1 - - [19/Dec/2025 05:43:45] "GET /js/xeokit-loader.js HTTP/1.1" 200 -
::1 - - [19/Dec/2025 05:43:45] "GET /js/api.js HTTP/1.1" 200 -
::1 - - [19/Dec/2025 05:43:45] "GET /js/ui.js HTTP/1.1" 200 -
::1 - - [19/Dec/2025 05:43:45] "GET /js/ifcViewer.js HTTP/1.1" 200 -
::1 - - [19/Dec/2025 05:43:45] "GET /js/import.js HTTP/1.1" 200 -
::1 - - [19/Dec/2025 05:43:45] "GET /js/schedule.js HTTP/1.1" 200 -
::1 - - [19/Dec/2025 05:43:45] "GET /js/estimate.js HTTP/1.1" 200 -
::1 - - [19/Dec/2025 05:43:45] "GET /js/settings.js HTTP/1.1" 200 -
::1 - - [19/Dec/2025 05:43:45] "GET /js/app.js HTTP/1.1" 200 -
::1 - - [19/Dec/2025 05:43:45] "GET /js/xeokit-bundle.js HTTP/1.1" 200 -
::1 - - [19/Dec/2025 05:43:46] code 404, message File not found
::1 - - [19/Dec/2025 05:43:46] "GET /favicon.ico HTTP/1.1" 404 -
::1 - - [19/Dec/2025 05:47:26] "GET / HTTP/1.1" 200 -
::1 - - [19/Dec/2025 05:47:26] "GET /css/style.css HTTP/1.1" 200 -
::1 - - [19/Dec/2025 05:47:26] "GET /js/xeokit-loader.js HTTP/1.1" 200 -
::1 - - [19/Dec/2025 05:47:26] "GET /js/api.js HTTP/1.1" 200 -
::1 - - [19/Dec/2025 05:47:26] "GET /js/ui.js HTTP/1.1" 200 -
::1 - - [19/Dec/2025 05:47:26] "GET /js/ifcViewer.js HTTP/1.1" 200 -
::1 - - [19/Dec/2025 05:47:26] "GET /js/import.js HTTP/1.1" 200 -
::1 - - [19/Dec/2025 05:47:26] "GET /js/estimate.js HTTP/1.1" 200 -
::1 - - [19/Dec/2025 05:47:26] "GET /js/settings.js HTTP/1.1" 200 -
::1 - - [19/Dec/2025 05:47:26] "GET /js/app.js HTTP/1.1" 200 -
::1 - - [19/Dec/2025 05:47:26] "GET /js/schedule.js HTTP/1.1" 200 -
::1 - - [19/Dec/2025 05:47:27] "GET /js/xeokit-bundle.js HTTP/1.1" 200 -
::1 - - [19/Dec/2025 05:47:27] code 404, message File not found
::1 - - [19/Dec/2025 05:47:27] "GET /favicon.ico HTTP/1.1" 404 -
::1 - - [19/Dec/2025 05:47:34] "GET / HTTP/1.1" 200 -
::1 - - [19/Dec/2025 05:47:34] "GET /css/style.css HTTP/1.1" 200 -
::1 - - [19/Dec/2025 05:47:34] "GET /js/xeokit-loader.js HTTP/1.1" 200 -
::1 - - [19/Dec/2025 05:47:34] "GET /js/api.js HTTP/1.1" 200 -
::1 - - [19/Dec/2025 05:47:34] "GET / HTTP/1.1" 200 -
::1 - - [19/Dec/2025 05:47:34] "GET /css/style.css HTTP/1.1" 200 -
::1 - - [19/Dec/2025 05:47:34] "GET /js/xeokit-loader.js HTTP/1.1" 200 -
::1 - - [19/Dec/2025 05:47:34] "GET / HTTP/1.1" 200 -
::1 - - [19/Dec/2025 05:47:34] "GET /css/style.css HTTP/1.1" 200 -
::1 - - [19/Dec/2025 05:47:34] "GET /js/xeokit-loader.js HTTP/1.1" 200 -
::1 - - [19/Dec/2025 05:47:34] "GET /js/api.js HTTP/1.1" 200 -
::1 - - [19/Dec/2025 05:47:34] "GET /js/ui.js HTTP/1.1" 200 -
::1 - - [19/Dec/2025 05:47:34] "GET /js/ifcViewer.js HTTP/1.1" 200 -
::1 - - [19/Dec/2025 05:47:34] "GET /js/import.js HTTP/1.1" 200 -
::1 - - [19/Dec/2025 05:47:34] "GET /js/schedule.js HTTP/1.1" 200 -
::1 - - [19/Dec/2025 05:47:34] "GET /js/estimate.js HTTP/1.1" 200 -
::1 - - [19/Dec/2025 05:47:34] "GET /js/settings.js HTTP/1.1" 200 -
::1 - - [19/Dec/2025 05:47:34] "GET /js/app.js HTTP/1.1" 200 -
::1 - - [19/Dec/2025 05:47:34] "GET /js/xeokit-bundle.js HTTP/1.1" 200 -
::1 - - [19/Dec/2025 05:47:35] code 404, message File not found
::1 - - [19/Dec/2025 05:47:35] "GET /favicon.ico HTTP/1.1" 404 -
::1 - - [19/Dec/2025 05:50:32] "GET / HTTP/1.1" 200 -
::1 - - [19/Dec/2025 05:50:32] "GET /css/style.css HTTP/1.1" 200 -
::1 - - [19/Dec/2025 05:50:32] "GET /js/xeokit-loader.js HTTP/1.1" 200 -
::1 - - [19/Dec/2025 05:50:32] "GET /js/api.js HTTP/1.1" 200 -
::1 - - [19/Dec/2025 05:50:32] "GET /js/ui.js HTTP/1.1" 200 -
::1 - - [19/Dec/2025 05:50:32] "GET /js/ifcViewer.js HTTP/1.1" 200 -
::1 - - [19/Dec/2025 05:50:32] "GET /js/import.js HTTP/1.1" 200 -
::1 - - [19/Dec/2025 05:50:32] "GET /js/estimate.js HTTP/1.1" 200 -
::1 - - [19/Dec/2025 05:50:32] "GET /js/settings.js HTTP/1.1" 200 -
::1 - - [19/Dec/2025 05:50:32] "GET /js/app.js HTTP/1.1" 200 -
::1 - - [19/Dec/2025 05:50:32] "GET /js/schedule.js HTTP/1.1" 200 -
::1 - - [19/Dec/2025 05:50:33] "GET /js/xeokit-bundle.js HTTP/1.1" 200 -
::1 - - [19/Dec/2025 05:50:33] code 404, message File not found
::1 - - [19/Dec/2025 05:50:33] "GET /favicon.ico HTTP/1.1" 404 -
::1 - - [19/Dec/2025 05:51:18] "GET / HTTP/1.1" 200 -
::1 - - [19/Dec/2025 05:51:18] "GET /css/style.css HTTP/1.1" 200 -
::1 - - [19/Dec/2025 05:51:18] "GET /js/xeokit-loader.js HTTP/1.1" 200 -
::1 - - [19/Dec/2025 05:51:19] "GET /js/api.js HTTP/1.1" 200 -
::1 - - [19/Dec/2025 05:51:19] "GET /js/ui.js HTTP/1.1" 200 -
::1 - - [19/Dec/2025 05:51:19] "GET /js/ifcViewer.js HTTP/1.1" 200 -
::1 - - [19/Dec/2025 05:51:19] "GET /js/import.js HTTP/1.1" 200 -
::1 - - [19/Dec/2025 05:51:19] "GET /js/estimate.js HTTP/1.1" 200 -
::1 - - [19/Dec/2025 05:51:19] "GET /js/settings.js HTTP/1.1" 200 -
::1 - - [19/Dec/2025 05:51:19] "GET /js/app.js HTTP/1.1" 200 -
::1 - - [19/Dec/2025 05:51:19] "GET /js/schedule.js HTTP/1.1" 200 -
::1 - - [19/Dec/2025 05:51:19] "GET /js/xeokit-bundle.js HTTP/1.1" 200 -
::1 - - [19/Dec/2025 05:51:19] code 404, message File not found
::1 - - [19/Dec/2025 05:51:19] "GET /favicon.ico HTTP/1.1" 404 -
::1 - - [19/Dec/2025 05:51:29] "GET / HTTP/1.1" 200 -
::1 - - [19/Dec/2025 05:51:29] "GET /css/style.css HTTP/1.1" 200 -
::1 - - [19/Dec/2025 05:51:29] "GET /js/xeokit-loader.js HTTP/1.1" 200 -
::1 - - [19/Dec/2025 05:51:29] "GET /js/api.js HTTP/1.1" 200 -
::1 - - [19/Dec/2025 05:51:29] "GET /js/ui.js HTTP/1.1" 200 -
::1 - - [19/Dec/2025 05:51:29] "GET /js/ifcViewer.js HTTP/1.1" 200 -
::1 - - [19/Dec/2025 05:51:29] "GET /js/import.js HTTP/1.1" 200 -
::1 - - [19/Dec/2025 05:51:29] "GET /js/schedule.js HTTP/1.1" 200 -
::1 - - [19/Dec/2025 05:51:29] "GET /js/estimate.js HTTP/1.1" 200 -
::1 - - [19/Dec/2025 05:51:29] "GET /js/settings.js HTTP/1.1" 200 -
::1 - - [19/Dec/2025 05:51:29] "GET /js/app.js HTTP/1.1" 200 -
::1 - - [19/Dec/2025 05:51:29] "GET /js/xeokit-bundle.js HTTP/1.1" 200 -
::1 - - [19/Dec/2025 05:51:30] code 404, message File not found
::1 - - [19/Dec/2025 05:51:30] "GET /favicon.ico HTTP/1.1" 404 -
::1 - - [19/Dec/2025 05:51:40] "GET / HTTP/1.1" 200 -
::1 - - [19/Dec/2025 05:51:40] "GET /css/style.css HTTP/1.1" 200 -
::1 - - [19/Dec/2025 05:51:40] "GET /js/xeokit-loader.js HTTP/1.1" 200 -
::1 - - [19/Dec/2025 05:51:40] "GET / HTTP/1.1" 200 -
::1 - - [19/Dec/2025 05:51:40] "GET /css/style.css HTTP/1.1" 200 -
::1 - - [19/Dec/2025 05:51:40] "GET /js/xeokit-loader.js HTTP/1.1" 200 -
::1 - - [19/Dec/2025 05:51:41] "GET / HTTP/1.1" 200 -
::1 - - [19/Dec/2025 05:51:41] "GET /css/style.css HTTP/1.1" 200 -
::1 - - [19/Dec/2025 05:51:41] "GET /js/xeokit-loader.js HTTP/1.1" 200 -
::1 - - [19/Dec/2025 05:51:41] "GET / HTTP/1.1" 200 -
::1 - - [19/Dec/2025 05:51:41] "GET /css/style.css HTTP/1.1" 200 -
::1 - - [19/Dec/2025 05:51:41] "GET /js/xeokit-loader.js HTTP/1.1" 200 -
::1 - - [19/Dec/2025 05:51:41] "GET / HTTP/1.1" 200 -
::1 - - [19/Dec/2025 05:51:41] "GET /css/style.css HTTP/1.1" 200 -
::1 - - [19/Dec/2025 05:51:41] "GET /js/xeokit-loader.js HTTP/1.1" 200 -
::1 - - [19/Dec/2025 05:51:41] "GET /js/api.js HTTP/1.1" 200 -
::1 - - [19/Dec/2025 05:51:41] "GET /js/ui.js HTTP/1.1" 200 -
::1 - - [19/Dec/2025 05:51:41] "GET /js/ifcViewer.js HTTP/1.1" 200 -
::1 - - [19/Dec/2025 05:51:41] "GET /js/import.js HTTP/1.1" 200 -
::1 - - [19/Dec/2025 05:51:41] "GET /js/schedule.js HTTP/1.1" 200 -
::1 - - [19/Dec/2025 05:51:41] "GET /js/estimate.js HTTP/1.1" 200 -
::1 - - [19/Dec/2025 05:51:41] "GET /js/settings.js HTTP/1.1" 200 -
::1 - - [19/Dec/2025 05:51:41] "GET /js/app.js HTTP/1.1" 200 -
::1 - - [19/Dec/2025 05:51:41] "GET /js/xeokit-bundle.js HTTP/1.1" 200 -
::1 - - [19/Dec/2025 05:51:41] code 404, message File not found
::1 - - [19/Dec/2025 05:51:41] "GET /favicon.ico HTTP/1.1" 404 -
::1 - - [19/Dec/2025 05:55:25] "GET / HTTP/1.1" 200 -
::1 - - [19/Dec/2025 05:55:25] "GET /css/style.css HTTP/1.1" 200 -
::1 - - [19/Dec/2025 05:55:25] "GET /js/xeokit-loader.js HTTP/1.1" 200 -
::1 - - [19/Dec/2025 05:55:25] "GET /js/api.js HTTP/1.1" 200 -
::1 - - [19/Dec/2025 05:55:26] "GET /js/ifcViewer.js HTTP/1.1" 200 -
::1 - - [19/Dec/2025 05:55:26] "GET /js/ui.js HTTP/1.1" 200 -
::1 - - [19/Dec/2025 05:55:26] "GET /js/schedule.js HTTP/1.1" 200 -
::1 - - [19/Dec/2025 05:55:26] "GET /js/import.js HTTP/1.1" 200 -
::1 - - [19/Dec/2025 05:55:26] "GET /js/estimate.js HTTP/1.1" 200 -
::1 - - [19/Dec/2025 05:55:26] "GET /js/settings.js HTTP/1.1" 200 -
::1 - - [19/Dec/2025 05:55:26] "GET /js/app.js HTTP/1.1" 200 -
::1 - - [19/Dec/2025 05:55:26] "GET /js/xeokit-bundle.js HTTP/1.1" 200 -
::1 - - [19/Dec/2025 05:55:26] code 404, message File not found
::1 - - [19/Dec/2025 05:55:26] "GET /favicon.ico HTTP/1.1" 404 -
::1 - - [19/Dec/2025 06:00:43] "GET / HTTP/1.1" 200 -
::1 - - [19/Dec/2025 06:00:43] "GET /js/api.js HTTP/1.1" 200 -
::1 - - [19/Dec/2025 06:00:43] "GET /js/ui.js HTTP/1.1" 304 -
::1 - - [19/Dec/2025 06:00:43] "GET /js/estimate.js HTTP/1.1" 304 -
::1 - - [19/Dec/2025 06:00:43] "GET /js/schedule.js HTTP/1.1" 200 -
::1 - - [19/Dec/2025 06:00:43] "GET /js/app.js HTTP/1.1" 200 -
::1 - - [19/Dec/2025 06:09:46] "GET / HTTP/1.1" 200 -
::1 - - [19/Dec/2025 06:09:46] "GET /css/style.css HTTP/1.1" 200 -
::1 - - [19/Dec/2025 06:09:46] "GET /js/xeokit-loader.js HTTP/1.1" 200 -
::1 - - [19/Dec/2025 06:09:47] "GET /js/api.js HTTP/1.1" 200 -
::1 - - [19/Dec/2025 06:09:47] "GET /js/ui.js HTTP/1.1" 200 -
::1 - - [19/Dec/2025 06:09:47] "GET /js/ifcViewer.js HTTP/1.1" 200 -
::1 - - [19/Dec/2025 06:09:47] "GET /js/import.js HTTP/1.1" 200 -
::1 - - [19/Dec/2025 06:09:47] "GET /js/schedule.js HTTP/1.1" 200 -
::1 - - [19/Dec/2025 06:09:47] "GET /js/estimate.js HTTP/1.1" 200 -
::1 - - [19/Dec/2025 06:09:47] "GET /js/settings.js HTTP/1.1" 200 -
::1 - - [19/Dec/2025 06:09:47] "GET /js/app.js HTTP/1.1" 200 -
::1 - - [19/Dec/2025 06:09:47] "GET /js/xeokit-bundle.js HTTP/1.1" 200 -
::1 - - [19/Dec/2025 06:09:47] code 404, message File not found
::1 - - [19/Dec/2025 06:09:47] "GET /favicon.ico HTTP/1.1" 404 -
::1 - - [19/Dec/2025 06:15:32] "GET / HTTP/1.1" 200 -
::1 - - [19/Dec/2025 06:15:32] "GET /css/style.css HTTP/1.1" 200 -
::1 - - [19/Dec/2025 06:15:32] "GET /js/xeokit-loader.js HTTP/1.1" 200 -
::1 - - [19/Dec/2025 06:15:32] "GET /js/api.js HTTP/1.1" 200 -
::1 - - [19/Dec/2025 06:15:32] "GET /js/ui.js HTTP/1.1" 200 -
::1 - - [19/Dec/2025 06:15:32] "GET /js/ifcViewer.js HTTP/1.1" 200 -
::1 - - [19/Dec/2025 06:15:32] "GET /js/import.js HTTP/1.1" 200 -
::1 - - [19/Dec/2025 06:15:32] "GET /js/schedule.js HTTP/1.1" 200 -
::1 - - [19/Dec/2025 06:15:32] "GET /js/estimate.js HTTP/1.1" 200 -
::1 - - [19/Dec/2025 06:15:32] "GET /js/settings.js HTTP/1.1" 200 -
::1 - - [19/Dec/2025 06:15:32] "GET /js/app.js HTTP/1.1" 200 -
::1 - - [19/Dec/2025 06:15:33] "GET /js/xeokit-bundle.js HTTP/1.1" 200 -
::1 - - [19/Dec/2025 06:15:33] code 404, message File not found
::1 - - [19/Dec/2025 06:15:33] "GET /favicon.ico HTTP/1.1" 404 -
::1 - - [19/Dec/2025 06:16:37] "GET / HTTP/1.1" 304 -
::1 - - [19/Dec/2025 06:17:41] "GET / HTTP/1.1" 200 -
::1 - - [19/Dec/2025 06:17:41] "GET /css/style.css HTTP/1.1" 200 -
::1 - - [19/Dec/2025 06:17:41] "GET /js/xeokit-loader.js HTTP/1.1" 200 -
::1 - - [19/Dec/2025 06:17:42] "GET /js/api.js HTTP/1.1" 200 -
::1 - - [19/Dec/2025 06:17:42] "GET /js/ui.js HTTP/1.1" 200 -
::1 - - [19/Dec/2025 06:17:42] "GET /js/ifcViewer.js HTTP/1.1" 200 -
::1 - - [19/Dec/2025 06:17:42] "GET /js/import.js HTTP/1.1" 200 -
::1 - - [19/Dec/2025 06:17:42] "GET /js/schedule.js HTTP/1.1" 200 -
::1 - - [19/Dec/2025 06:17:42] "GET /js/estimate.js HTTP/1.1" 200 -
::1 - - [19/Dec/2025 06:17:42] "GET /js/settings.js HTTP/1.1" 200 -
::1 - - [19/Dec/2025 06:17:42] "GET /js/app.js HTTP/1.1" 200 -
::1 - - [19/Dec/2025 06:17:42] "GET /js/xeokit-bundle.js HTTP/1.1" 200 -
::1 - - [19/Dec/2025 06:17:42] code 404, message File not found
::1 - - [19/Dec/2025 06:17:42] "GET /favicon.ico HTTP/1.1" 404 -
::1 - - [19/Dec/2025 06:22:02] "GET / HTTP/1.1" 200 -
::1 - - [19/Dec/2025 06:22:02] "GET /css/style.css HTTP/1.1" 200 -
::1 - - [19/Dec/2025 06:22:02] "GET /js/xeokit-loader.js HTTP/1.1" 200 -
::1 - - [19/Dec/2025 06:22:03] "GET /js/api.js HTTP/1.1" 200 -
::1 - - [19/Dec/2025 06:22:03] "GET /js/ui.js HTTP/1.1" 200 -
::1 - - [19/Dec/2025 06:22:03] "GET /js/ifcViewer.js HTTP/1.1" 200 -
::1 - - [19/Dec/2025 06:22:03] "GET /js/import.js HTTP/1.1" 200 -
::1 - - [19/Dec/2025 06:22:03] "GET /js/estimate.js HTTP/1.1" 200 -
::1 - - [19/Dec/2025 06:22:03] "GET /js/settings.js HTTP/1.1" 200 -
::1 - - [19/Dec/2025 06:22:03] "GET /js/app.js HTTP/1.1" 200 -
::1 - - [19/Dec/2025 06:22:03] "GET /js/schedule.js HTTP/1.1" 200 -
::1 - - [19/Dec/2025 06:22:03] "GET /js/xeokit-bundle.js HTTP/1.1" 200 -
::1 - - [19/Dec/2025 06:22:03] code 404, message File not found
::1 - - [19/Dec/2025 06:22:03] "GET /favicon.ico HTTP/1.1" 404 -
::1 - - [19/Dec/2025 06:24:54] "GET / HTTP/1.1" 200 -
::1 - - [19/Dec/2025 06:24:54] "GET /css/style.css HTTP/1.1" 200 -
::1 - - [19/Dec/2025 06:24:54] "GET /js/xeokit-loader.js HTTP/1.1" 200 -
::1 - - [19/Dec/2025 06:24:55] "GET /js/api.js HTTP/1.1" 200 -
::1 - - [19/Dec/2025 06:24:55] "GET /js/ui.js HTTP/1.1" 200 -
::1 - - [19/Dec/2025 06:24:55] "GET /js/ifcViewer.js HTTP/1.1" 200 -
::1 - - [19/Dec/2025 06:24:55] "GET /js/import.js HTTP/1.1" 200 -
::1 - - [19/Dec/2025 06:24:55] "GET /js/estimate.js HTTP/1.1" 200 -
::1 - - [19/Dec/2025 06:24:55] "GET /js/settings.js HTTP/1.1" 200 -
::1 - - [19/Dec/2025 06:24:55] "GET /js/app.js HTTP/1.1" 200 -
::1 - - [19/Dec/2025 06:24:55] "GET /js/schedule.js HTTP/1.1" 200 -
::1 - - [19/Dec/2025 06:24:55] "GET /js/xeokit-bundle.js HTTP/1.1" 200 -
::1 - - [19/Dec/2025 06:24:55] code 404, message File not found
::1 - - [19/Dec/2025 06:24:55] "GET /favicon.ico HTTP/1.1" 404 -
::1 - - [19/Dec/2025 06:25:02] "GET / HTTP/1.1" 200 -
::1 - - [19/Dec/2025 06:25:02] "GET /css/style.css HTTP/1.1" 200 -
::1 - - [19/Dec/2025 06:25:02] "GET /js/xeokit-loader.js HTTP/1.1" 200 -
::1 - - [19/Dec/2025 06:25:02] "GET / HTTP/1.1" 200 -
::1 - - [19/Dec/2025 06:25:02] "GET /css/style.css HTTP/1.1" 200 -
::1 - - [19/Dec/2025 06:25:02] "GET /js/xeokit-loader.js HTTP/1.1" 200 -
::1 - - [19/Dec/2025 06:25:02] "GET / HTTP/1.1" 200 -
::1 - - [19/Dec/2025 06:25:02] "GET /css/style.css HTTP/1.1" 200 -
::1 - - [19/Dec/2025 06:25:02] "GET /js/xeokit-loader.js HTTP/1.1" 200 -
::1 - - [19/Dec/2025 06:25:02] "GET / HTTP/1.1" 200 -
::1 - - [19/Dec/2025 06:25:02] "GET /css/style.css HTTP/1.1" 200 -
::1 - - [19/Dec/2025 06:25:02] "GET /js/xeokit-loader.js HTTP/1.1" 200 -
::1 - - [19/Dec/2025 06:25:02] "GET / HTTP/1.1" 200 -
::1 - - [19/Dec/2025 06:25:02] "GET /css/style.css HTTP/1.1" 200 -
::1 - - [19/Dec/2025 06:25:02] "GET /js/xeokit-loader.js HTTP/1.1" 200 -
::1 - - [19/Dec/2025 06:25:02] "GET / HTTP/1.1" 200 -
::1 - - [19/Dec/2025 06:25:02] "GET /css/style.css HTTP/1.1" 200 -
::1 - - [19/Dec/2025 06:25:02] "GET /js/xeokit-loader.js HTTP/1.1" 200 -
::1 - - [19/Dec/2025 06:25:03] "GET / HTTP/1.1" 200 -
::1 - - [19/Dec/2025 06:25:03] "GET /css/style.css HTTP/1.1" 200 -
::1 - - [19/Dec/2025 06:25:03] "GET /js/xeokit-loader.js HTTP/1.1" 200 -
::1 - - [19/Dec/2025 06:25:03] "GET /js/api.js HTTP/1.1" 200 -
::1 - - [19/Dec/2025 06:25:03] "GET /js/ui.js HTTP/1.1" 200 -
::1 - - [19/Dec/2025 06:25:03] "GET /js/ifcViewer.js HTTP/1.1" 200 -
::1 - - [19/Dec/2025 06:25:03] "GET /js/import.js HTTP/1.1" 200 -
::1 - - [19/Dec/2025 06:25:03] "GET /js/schedule.js HTTP/1.1" 200 -
::1 - - [19/Dec/2025 06:25:03] "GET /js/estimate.js HTTP/1.1" 200 -
::1 - - [19/Dec/2025 06:25:03] "GET /js/settings.js HTTP/1.1" 200 -
::1 - - [19/Dec/2025 06:25:03] "GET /js/app.js HTTP/1.1" 200 -
::1 - - [19/Dec/2025 06:25:03] "GET /js/xeokit-bundle.js HTTP/1.1" 200 -
::1 - - [19/Dec/2025 06:25:03] code 404, message File not found
::1 - - [19/Dec/2025 06:25:03] "GET /favicon.ico HTTP/1.1" 404 -
::1 - - [19/Dec/2025 06:27:58] "GET / HTTP/1.1" 200 -
::1 - - [19/Dec/2025 06:27:58] "GET /css/style.css HTTP/1.1" 200 -
::1 - - [19/Dec/2025 06:27:58] "GET /js/xeokit-loader.js HTTP/1.1" 200 -
::1 - - [19/Dec/2025 06:27:58] "GET /js/api.js HTTP/1.1" 200 -
::1 - - [19/Dec/2025 06:27:58] "GET /js/ui.js HTTP/1.1" 200 -
::1 - - [19/Dec/2025 06:27:58] "GET /js/import.js HTTP/1.1" 200 -
::1 - - [19/Dec/2025 06:27:58] "GET /js/ifcViewer.js HTTP/1.1" 200 -
::1 - - [19/Dec/2025 06:27:58] "GET /js/estimate.js HTTP/1.1" 200 -
::1 - - [19/Dec/2025 06:27:58] "GET /js/settings.js HTTP/1.1" 200 -
::1 - - [19/Dec/2025 06:27:58] "GET /js/app.js HTTP/1.1" 200 -
::1 - - [19/Dec/2025 06:27:58] "GET /js/schedule.js HTTP/1.1" 200 -
::1 - - [19/Dec/2025 06:27:59] "GET /js/xeokit-bundle.js HTTP/1.1" 200 -
::1 - - [19/Dec/2025 06:27:59] code 404, message File not found
::1 - - [19/Dec/2025 06:27:59] "GET /favicon.ico HTTP/1.1" 404 -
::1 - - [19/Dec/2025 06:28:05] "GET / HTTP/1.1" 200 -
::1 - - [19/Dec/2025 06:28:05] "GET /css/style.css HTTP/1.1" 200 -
::1 - - [19/Dec/2025 06:28:05] "GET /js/xeokit-loader.js HTTP/1.1" 200 -
::1 - - [19/Dec/2025 06:28:05] "GET / HTTP/1.1" 200 -
::1 - - [19/Dec/2025 06:28:05] "GET /css/style.css HTTP/1.1" 200 -
::1 - - [19/Dec/2025 06:28:05] "GET /js/xeokit-loader.js HTTP/1.1" 200 -
::1 - - [19/Dec/2025 06:28:05] "GET /js/api.js HTTP/1.1" 200 -
::1 - - [19/Dec/2025 06:28:05] "GET /js/ui.js HTTP/1.1" 200 -
::1 - - [19/Dec/2025 06:28:05] "GET / HTTP/1.1" 200 -
::1 - - [19/Dec/2025 06:28:05] "GET /css/style.css HTTP/1.1" 200 -
::1 - - [19/Dec/2025 06:28:05] "GET /js/xeokit-loader.js HTTP/1.1" 200 -
::1 - - [19/Dec/2025 06:28:05] "GET /js/api.js HTTP/1.1" 200 -
::1 - - [19/Dec/2025 06:28:05] "GET /js/ui.js HTTP/1.1" 200 -
::1 - - [19/Dec/2025 06:28:05] "GET /js/ifcViewer.js HTTP/1.1" 200 -
::1 - - [19/Dec/2025 06:28:05] "GET /js/import.js HTTP/1.1" 200 -
::1 - - [19/Dec/2025 06:28:05] "GET /js/schedule.js HTTP/1.1" 200 -
::1 - - [19/Dec/2025 06:28:05] "GET /js/estimate.js HTTP/1.1" 200 -
::1 - - [19/Dec/2025 06:28:05] "GET /js/settings.js HTTP/1.1" 200 -
::1 - - [19/Dec/2025 06:28:05] "GET /js/app.js HTTP/1.1" 200 -
::1 - - [19/Dec/2025 06:28:05] "GET /js/xeokit-bundle.js HTTP/1.1" 200 -
::1 - - [19/Dec/2025 06:28:06] code 404, message File not found
::1 - - [19/Dec/2025 06:28:06] "GET /favicon.ico HTTP/1.1" 404 -
::1 - - [19/Dec/2025 06:30:11] "GET / HTTP/1.1" 200 -
::1 - - [19/Dec/2025 06:30:11] "GET /css/style.css HTTP/1.1" 200 -
::1 - - [19/Dec/2025 06:30:11] "GET /js/xeokit-loader.js HTTP/1.1" 200 -
::1 - - [19/Dec/2025 06:30:11] "GET / HTTP/1.1" 200 -
::1 - - [19/Dec/2025 06:30:11] "GET /css/style.css HTTP/1.1" 200 -
::1 - - [19/Dec/2025 06:30:11] "GET /js/xeokit-loader.js HTTP/1.1" 200 -
::1 - - [19/Dec/2025 06:30:12] "GET / HTTP/1.1" 200 -
::1 - - [19/Dec/2025 06:30:12] "GET /css/style.css HTTP/1.1" 200 -
::1 - - [19/Dec/2025 06:30:12] "GET /js/xeokit-loader.js HTTP/1.1" 200 -
::1 - - [19/Dec/2025 06:30:12] "GET /js/api.js HTTP/1.1" 200 -
::1 - - [19/Dec/2025 06:30:12] "GET /js/ui.js HTTP/1.1" 200 -
::1 - - [19/Dec/2025 06:30:12] "GET /js/ifcViewer.js HTTP/1.1" 200 -
::1 - - [19/Dec/2025 06:30:12] "GET /js/import.js HTTP/1.1" 200 -
::1 - - [19/Dec/2025 06:30:12] "GET /js/schedule.js HTTP/1.1" 200 -
::1 - - [19/Dec/2025 06:30:12] "GET /js/estimate.js HTTP/1.1" 200 -
::1 - - [19/Dec/2025 06:30:12] "GET /js/settings.js HTTP/1.1" 200 -
::1 - - [19/Dec/2025 06:30:12] "GET /js/app.js HTTP/1.1" 200 -
::1 - - [19/Dec/2025 06:30:13] "GET /js/xeokit-bundle.js HTTP/1.1" 200 -
::1 - - [19/Dec/2025 06:30:13] code 404, message File not found
::1 - - [19/Dec/2025 06:30:13] "GET /favicon.ico HTTP/1.1" 404 -
::1 - - [19/Dec/2025 06:30:19] code 404, message File not found
::1 - - [19/Dec/2025 06:30:19] "GET /.well-known/appspecific/com.chrome.devtools.json HTTP/1.1" 404 -
::1 - - [19/Dec/2025 06:34:31] "GET / HTTP/1.1" 200 -
::1 - - [19/Dec/2025 06:34:31] "GET /css/style.css HTTP/1.1" 200 -
::1 - - [19/Dec/2025 06:34:31] "GET /js/xeokit-loader.js HTTP/1.1" 200 -
::1 - - [19/Dec/2025 06:34:31] "GET /css/schedule.css HTTP/1.1" 200 -
::1 - - [19/Dec/2025 06:34:31] "GET /js/api.js HTTP/1.1" 200 -
::1 - - [19/Dec/2025 06:34:31] "GET /js/ui.js HTTP/1.1" 200 -
::1 - - [19/Dec/2025 06:34:31] "GET /js/ifcViewer.js HTTP/1.1" 200 -
::1 - - [19/Dec/2025 06:34:31] "GET /js/import.js HTTP/1.1" 200 -
::1 - - [19/Dec/2025 06:34:31] "GET /js/estimate.js HTTP/1.1" 200 -
::1 - - [19/Dec/2025 06:34:31] "GET /js/settings.js HTTP/1.1" 200 -
::1 - - [19/Dec/2025 06:34:31] "GET /js/app.js HTTP/1.1" 200 -
::1 - - [19/Dec/2025 06:34:31] "GET /js/schedule.js HTTP/1.1" 200 -
::1 - - [19/Dec/2025 06:34:32] "GET /js/xeokit-bundle.js HTTP/1.1" 200 -
::1 - - [19/Dec/2025 06:34:32] code 404, message File not found
::1 - - [19/Dec/2025 06:34:32] "GET /favicon.ico HTTP/1.1" 404 -
::1 - - [19/Dec/2025 06:34:42] "GET / HTTP/1.1" 200 -
::1 - - [19/Dec/2025 06:34:42] "GET /css/style.css HTTP/1.1" 200 -
::1 - - [19/Dec/2025 06:34:42] "GET /css/schedule.css HTTP/1.1" 200 -
::1 - - [19/Dec/2025 06:34:42] "GET /js/xeokit-loader.js HTTP/1.1" 200 -
::1 - - [19/Dec/2025 06:34:43] "GET /js/api.js HTTP/1.1" 200 -
::1 - - [19/Dec/2025 06:34:43] "GET /js/ui.js HTTP/1.1" 200 -
::1 - - [19/Dec/2025 06:34:43] "GET /js/ifcViewer.js HTTP/1.1" 200 -
::1 - - [19/Dec/2025 06:34:43] "GET /js/import.js HTTP/1.1" 200 -
::1 - - [19/Dec/2025 06:34:43] "GET /js/schedule.js HTTP/1.1" 200 -
::1 - - [19/Dec/2025 06:34:43] "GET /js/estimate.js HTTP/1.1" 200 -
::1 - - [19/Dec/2025 06:34:43] "GET /js/settings.js HTTP/1.1" 200 -
::1 - - [19/Dec/2025 06:34:43] "GET /js/app.js HTTP/1.1" 200 -
::1 - - [19/Dec/2025 06:34:43] "GET /js/xeokit-bundle.js HTTP/1.1" 200 -
::1 - - [19/Dec/2025 06:34:43] code 404, message File not found
::1 - - [19/Dec/2025 06:34:43] "GET /favicon.ico HTTP/1.1" 404 -
::1 - - [19/Dec/2025 14:02:52] "GET / HTTP/1.1" 200 -
::1 - - [19/Dec/2025 14:02:53] "GET /css/style.css HTTP/1.1" 200 -
::1 - - [19/Dec/2025 14:02:53] "GET /css/gantt-colors.css HTTP/1.1" 200 -
::1 - - [19/Dec/2025 14:02:53] "GET /js/xeokit-loader.js HTTP/1.1" 200 -
::1 - - [19/Dec/2025 14:02:53] "GET /js/api.js HTTP/1.1" 200 -
::1 - - [19/Dec/2025 14:02:53] "GET /js/ui.js HTTP/1.1" 200 -
::1 - - [19/Dec/2025 14:02:53] "GET /js/import.js HTTP/1.1" 200 -
::1 - - [19/Dec/2025 14:02:53] "GET /js/ifcViewer.js HTTP/1.1" 200 -
::1 - - [19/Dec/2025 14:02:53] "GET /js/estimate.js HTTP/1.1" 200 -
::1 - - [19/Dec/2025 14:02:53] "GET /js/settings.js HTTP/1.1" 200 -
::1 - - [19/Dec/2025 14:02:53] "GET /js/app.js HTTP/1.1" 200 -
::1 - - [19/Dec/2025 14:02:53] "GET /js/schedule.js HTTP/1.1" 200 -
::1 - - [19/Dec/2025 14:02:54] "GET /js/xeokit-bundle.js HTTP/1.1" 200 -
::1 - - [19/Dec/2025 14:02:54] code 404, message File not found
::1 - - [19/Dec/2025 14:02:54] "GET /favicon.ico HTTP/1.1" 404 -
::1 - - [19/Dec/2025 14:10:23] "GET / HTTP/1.1" 304 -
::1 - - [19/Dec/2025 14:11:10] "GET / HTTP/1.1" 200 -
::1 - - [19/Dec/2025 14:11:10] "GET / HTTP/1.1" 200 -
::1 - - [19/Dec/2025 14:11:10] "GET /css/style.css HTTP/1.1" 200 -
::1 - - [19/Dec/2025 14:11:10] "GET /css/gantt-colors.css HTTP/1.1" 200 -
::1 - - [19/Dec/2025 14:11:10] "GET /js/xeokit-loader.js HTTP/1.1" 200 -
::1 - - [19/Dec/2025 14:11:10] "GET /css/style.css HTTP/1.1" 200 -
::1 - - [19/Dec/2025 14:11:10] "GET /css/gantt-colors.css HTTP/1.1" 200 -
::1 - - [19/Dec/2025 14:11:10] "GET /js/xeokit-loader.js HTTP/1.1" 200 -
::1 - - [19/Dec/2025 14:11:10] "GET / HTTP/1.1" 200 -
::1 - - [19/Dec/2025 14:11:10] "GET /css/style.css HTTP/1.1" 200 -
::1 - - [19/Dec/2025 14:11:10] "GET /css/gantt-colors.css HTTP/1.1" 200 -
::1 - - [19/Dec/2025 14:11:10] "GET /js/xeokit-loader.js HTTP/1.1" 200 -
::1 - - [19/Dec/2025 14:11:11] "GET /js/api.js HTTP/1.1" 200 -
::1 - - [19/Dec/2025 14:11:11] "GET /js/ui.js HTTP/1.1" 200 -
::1 - - [19/Dec/2025 14:11:11] "GET /js/ifcViewer.js HTTP/1.1" 200 -
::1 - - [19/Dec/2025 14:11:11] "GET /js/import.js HTTP/1.1" 200 -
::1 - - [19/Dec/2025 14:11:11] "GET /js/schedule.js HTTP/1.1" 200 -
::1 - - [19/Dec/2025 14:11:11] "GET /js/estimate.js HTTP/1.1" 200 -
::1 - - [19/Dec/2025 14:11:11] "GET /js/settings.js HTTP/1.1" 200 -
::1 - - [19/Dec/2025 14:11:11] "GET /js/app.js HTTP/1.1" 200 -
::1 - - [19/Dec/2025 14:11:11] "GET /js/xeokit-bundle.js HTTP/1.1" 200 -
::1 - - [19/Dec/2025 14:11:11] code 404, message File not found
::1 - - [19/Dec/2025 14:11:11] "GET /favicon.ico HTTP/1.1" 404 -
::ffff:127.0.0.1 - - [19/Dec/2025 17:58:45] "GET / HTTP/1.1" 200 -
::ffff:127.0.0.1 - - [19/Dec/2025 17:58:45] "GET /css/style.css HTTP/1.1" 200 -
::ffff:127.0.0.1 - - [19/Dec/2025 17:58:45] "GET /css/gantt-colors.css HTTP/1.1" 200 -
::ffff:127.0.0.1 - - [19/Dec/2025 17:58:45] "GET /js/xeokit-loader.js HTTP/1.1" 200 -
::ffff:127.0.0.1 - - [19/Dec/2025 17:58:45] "GET /js/api.js HTTP/1.1" 200 -
::ffff:127.0.0.1 - - [19/Dec/2025 17:58:45] "GET /js/ui.js HTTP/1.1" 200 -
::ffff:127.0.0.1 - - [19/Dec/2025 17:58:45] "GET /js/ifcViewer.js HTTP/1.1" 200 -
::ffff:127.0.0.1 - - [19/Dec/2025 17:58:45] "GET /js/import.js HTTP/1.1" 200 -
::ffff:127.0.0.1 - - [19/Dec/2025 17:58:45] "GET /js/schedule.js?v=20251219-1 HTTP/1.1" 200 -
::ffff:127.0.0.1 - - [19/Dec/2025 17:58:45] "GET /js/estimate.js HTTP/1.1" 200 -
::ffff:127.0.0.1 - - [19/Dec/2025 17:58:45] "GET /js/settings.js HTTP/1.1" 200 -
::ffff:127.0.0.1 - - [19/Dec/2025 17:58:45] "GET /js/app.js HTTP/1.1" 200 -
::ffff:127.0.0.1 - - [19/Dec/2025 17:58:48] "GET /js/xeokit-bundle.js HTTP/1.1" 200 -
----------------------------------------
Exception occurred during processing of request from ('::ffff:127.0.0.1', 61704, 0, 0)
Traceback (most recent call last):
  File "C:\Users\LOQ\AppData\Local\Programs\Python\Python311\Lib\socketserver.py", line 691, in process_request_thread
    self.finish_request(request, client_address)
  File "C:\Users\LOQ\AppData\Local\Programs\Python\Python311\Lib\http\server.py", line 1310, in finish_request
    self.RequestHandlerClass(request, client_address, self,
  File "C:\Users\LOQ\AppData\Local\Programs\Python\Python311\Lib\http\server.py", line 671, in __init__
    super().__init__(*args, **kwargs)
  File "C:\Users\LOQ\AppData\Local\Programs\Python\Python311\Lib\socketserver.py", line 755, in __init__
    self.handle()
  File "C:\Users\LOQ\AppData\Local\Programs\Python\Python311\Lib\http\server.py", line 436, in handle
    self.handle_one_request()
  File "C:\Users\LOQ\AppData\Local\Programs\Python\Python311\Lib\http\server.py", line 424, in handle_one_request
    method()
  File "C:\Users\LOQ\AppData\Local\Programs\Python\Python311\Lib\http\server.py", line 678, in do_GET
    self.copyfile(f, self.wfile)
  File "C:\Users\LOQ\AppData\Local\Programs\Python\Python311\Lib\http\server.py", line 877, in copyfile
    shutil.copyfileobj(source, outputfile)
  File "C:\Users\LOQ\AppData\Local\Programs\Python\Python311\Lib\shutil.py", line 200, in copyfileobj
    fdst_write(buf)
  File "C:\Users\LOQ\AppData\Local\Programs\Python\Python311\Lib\socketserver.py", line 834, in write
    self._sock.sendall(b)
ConnectionAbortedError: [WinError 10053] Программа на вашем хост-компьютере разорвала установленное подключение
----------------------------------------
::ffff:127.0.0.1 - - [19/Dec/2025 17:58:53] "GET /js/xeokit-bundle.js HTTP/1.1" 200 -
::ffff:127.0.0.1 - - [19/Dec/2025 17:58:53] code 404, message File not found
::ffff:127.0.0.1 - - [19/Dec/2025 17:58:53] "GET /favicon.ico HTTP/1.1" 404 -
